<?xml version="1.0" encoding="UTF-8"?>
<testng-results skipped="0" failed="0" ignored="0" total="1" passed="1">
  <reporter-output>
  </reporter-output>
  <suite name="mySuite" duration-ms="77983" started-at="2020-08-24T08:50:57 IST" finished-at="2020-08-24T08:52:15 IST">
    <groups>
    </groups>
    <test name="WebDriver" duration-ms="77983" started-at="2020-08-24T08:50:57 IST" finished-at="2020-08-24T08:52:15 IST">
      <class name="TestNG.addreessbook">
        <test-method status="PASS" signature="launch()[pri:0, instance:TestNG.addreessbook@51cdd8a]" name="launch" is-config="true" duration-ms="59298" started-at="2020-08-24T08:50:57 IST" finished-at="2020-08-24T08:51:56 IST">
          <reporter-output>
          </reporter-output>
        </test-method> <!-- launch -->
        <test-method status="PASS" signature="veifySaveMethod()[pri:0, instance:TestNG.addreessbook@51cdd8a]" name="veifySaveMethod" duration-ms="18379" started-at="2020-08-24T08:51:56 IST" finished-at="2020-08-24T08:52:15 IST">
          <reporter-output>
          </reporter-output>
        </test-method> <!-- veifySaveMethod -->
        <test-method status="PASS" signature="Close()[pri:0, instance:TestNG.addreessbook@51cdd8a]" name="Close" is-config="true" duration-ms="1" started-at="2020-08-24T08:52:15 IST" finished-at="2020-08-24T08:52:15 IST">
          <reporter-output>
          </reporter-output>
        </test-method> <!-- Close -->
      </class> <!-- TestNG.addreessbook -->
    </test> <!-- WebDriver -->
  </suite> <!-- mySuite -->
</testng-results>
